<?xml version="1.0" encoding="UTF-8"?>
<!-- Generated by org.testng.reporters.JUnitReportReporter -->
<testsuite hostname="Mathumathi-MacBook-Air.local" failures="0" tests="4" name="testRunner.TestRunner" time="80.520" errors="0" timestamp="2025-04-09T22:02:43 EDT" skipped="0">
  <testcase classname="testRunner.TestRunner" name="runScenario" time="21.291"/>
  <system-out/>
  <testcase classname="testRunner.TestRunner" name="runScenario" time="11.363"/>
  <system-out/>
  <testcase classname="testRunner.TestRunner" name="runScenario" time="12.488"/>
  <system-out/>
  <testcase classname="testRunner.TestRunner" name="runScenario" time="35.378"/>
  <system-out/>
</testsuite> <!-- testRunner.TestRunner -->
