<?xml version="1.0" encoding="UTF-8"?>
<!-- Generated by org.testng.reporters.JUnitReportReporter -->
<testsuite hostname="Mathumathi-MacBook-Air.local" failures="0" tests="11" name="testRunner.TestRunner" time="368.420" errors="0" timestamp="2025-04-29T14:11:07 EDT" skipped="0">
  <testcase classname="testRunner.TestRunner" name="runScenario" time="36.823"/>
  <system-out/>
  <testcase classname="testRunner.TestRunner" name="runScenario" time="36.813"/>
  <system-out/>
  <testcase classname="testRunner.TestRunner" name="runScenario" time="36.398"/>
  <system-out/>
  <testcase classname="testRunner.TestRunner" name="runScenario" time="30.021"/>
  <system-out/>
  <testcase classname="testRunner.TestRunner" name="runScenario" time="26.470"/>
  <system-out/>
  <testcase classname="testRunner.TestRunner" name="runScenario" time="27.863"/>
  <system-out/>
  <testcase classname="testRunner.TestRunner" name="runScenario" time="36.884"/>
  <system-out/>
  <testcase classname="testRunner.TestRunner" name="runScenario" time="36.019"/>
  <system-out/>
  <testcase classname="testRunner.TestRunner" name="runScenario" time="31.587"/>
  <system-out/>
  <testcase classname="testRunner.TestRunner" name="runScenario" time="30.932"/>
  <system-out/>
  <testcase classname="testRunner.TestRunner" name="runScenario" time="38.610"/>
  <system-out/>
</testsuite> <!-- testRunner.TestRunner -->
