<?xml version="1.0" encoding="UTF-8"?>
<!-- Generated by org.testng.reporters.JUnitReportReporter -->
<testsuite hostname="Mathumathi-MacBook-Air.local" failures="0" tests="1" name="appium.android.launch" time="11.899" errors="0" timestamp="2025-04-02T15:43:40 EDT" skipped="0">
  <testcase classname="appium.android.launch" name="login" time="11.899"/>
  <system-out/>
</testsuite> <!-- appium.android.launch -->
