<?xml version="1.0" encoding="UTF-8"?>
<!-- Generated by org.testng.reporters.JUnitReportReporter -->
<testsuite hostname="Mathumathi-MacBook-Air.local" failures="0" tests="1" name="testRunner.TestRunner" time="22.763" errors="0" timestamp="2025-04-25T23:12:53 EDT" skipped="0">
  <testcase classname="testRunner.TestRunner" name="runScenario" time="22.763"/>
  <system-out/>
</testsuite> <!-- testRunner.TestRunner -->
