<?xml version="1.0" encoding="UTF-8"?>
<!-- Generated by org.testng.reporters.JUnitReportReporter -->
<testsuite hostname="Mathumathi-MacBook-Air.local" failures="0" tests="1" name="testRunner.TestRunner" time="28.092" errors="0" timestamp="2025-04-24T15:20:15 EDT" skipped="0">
  <testcase classname="testRunner.TestRunner" name="runScenario" time="28.092"/>
  <system-out/>
</testsuite> <!-- testRunner.TestRunner -->
