<?xml version="1.0" encoding="UTF-8"?>
<!-- Generated by org.testng.reporters.JUnitReportReporter -->
<testsuite hostname="Anusuyas-MBP" failures="0" tests="1" name="testRunner.TestRunner" time="121.051" errors="0" timestamp="2025-04-25T08:51:20 CDT" skipped="0">
  <testcase classname="testRunner.TestRunner" name="runScenario" time="121.051"/>
  <system-out/>
</testsuite> <!-- testRunner.TestRunner -->
