<?xml version="1.0" encoding="UTF-8"?>
<!-- Generated by org.testng.reporters.JUnitReportReporter -->
<testsuite hostname="Mathumathi-MacBook-Air.local" failures="0" tests="3" name="testRunner.TestRunner" time="80.782" errors="0" timestamp="2025-04-08T13:38:19 EDT" skipped="0">
  <testcase classname="testRunner.TestRunner" name="runScenario" time="35.354"/>
  <system-out/>
  <testcase classname="testRunner.TestRunner" name="runScenario" time="22.860"/>
  <system-out/>
  <testcase classname="testRunner.TestRunner" name="runScenario" time="22.568"/>
  <system-out/>
</testsuite> <!-- testRunner.TestRunner -->
